<?xml version="1.0" encoding="UTF-8"?>
<!-- Generated by org.testng.reporters.JUnitReportReporter -->
<testsuite skipped="0" hostname="RAJESH-PC" name="com.vtiger.tests.VerifyLeadsFunctionality" tests="1" failures="0" timestamp="24 Jun 2018 05:13:25 GMT" time="5.938" errors="0">
  <testcase name="createLead" time="5.938" classname="com.vtiger.tests.VerifyLeadsFunctionality"/>
</testsuite> <!-- com.vtiger.tests.VerifyLeadsFunctionality -->
