<?xml version="1.0" encoding="UTF-8"?>
<!-- Generated by org.testng.reporters.JUnitReportReporter -->
<testsuite skipped="0" hostname="RAJESH-PC" name="com.vtiger.tests.TestLogin" tests="3" failures="0" timestamp="24 Jun 2018 05:13:25 GMT" time="3.715" errors="0">
  <testcase name="LoginPageUIValidation" time="0.124" classname="com.vtiger.tests.TestLogin"/>
  <testcase name="invalidLogin" time="0.952" classname="com.vtiger.tests.TestLogin"/>
  <testcase name="validLogin" time="2.639" classname="com.vtiger.tests.TestLogin"/>
</testsuite> <!-- com.vtiger.tests.TestLogin -->
