<?xml version="1.0" encoding="UTF-8"?>
<!-- Generated by org.testng.reporters.JUnitReportReporter -->
<testsuite hostname="RAJESH-PC" name="com.vtiger.tests.TestLogin" tests="3" failures="0" timestamp="30 Jun 2018 05:00:41 GMT" time="4.316" errors="0">
  <testcase name="validLogin" time="3.087" classname="com.vtiger.tests.TestLogin"/>
  <testcase name="invalidLogin" time="1.063" classname="com.vtiger.tests.TestLogin"/>
  <testcase name="LoginPageUIValidation" time="0.166" classname="com.vtiger.tests.TestLogin"/>
</testsuite> <!-- com.vtiger.tests.TestLogin -->
