<?xml version="1.0" encoding="UTF-8"?>
<!-- Generated by org.testng.reporters.JUnitReportReporter -->
<testsuite hostname="RAJESH-PC" name="com.vtiger.tests.VerifyLeadsFunctionality" tests="1" failures="0" timestamp="30 Jun 2018 05:00:41 GMT" time="9.743" errors="0">
  <testcase name="createLead" time="9.743" classname="com.vtiger.tests.VerifyLeadsFunctionality"/>
</testsuite> <!-- com.vtiger.tests.VerifyLeadsFunctionality -->
